[14:14:18.705] [INFO] storybook v10.2.8
[14:14:19.496] [ERROR] [38;2;241;97;97mSB_CORE-SERVER_0007 (MainFileEvaluationError): Storybook couldn't evaluate your .storybook/main.ts file.

Original error:
Error [ERR_MODULE_NOT_FOUND]: Cannot find package '@tailwindcss/vite' imported from /.storybook/main.ts
    at Object.getPackageJSONURL (node:internal/modules/package_json_reader:301:9)
    at packageResolve (node:internal/modules/esm/resolve:768:81)
    at moduleResolve (node:internal/modules/esm/resolve:859:18)
    at defaultResolve (node:internal/modules/esm/resolve:991:11)
    at nextResolve (node:internal/modules/esm/hooks:769:28)
    at AsyncLoaderHooksOnLoaderHookWorker.resolve (node:internal/modules/esm/hooks:265:30)
    at MessagePort.handleMessage (node:internal/modules/esm/worker:251:24)
    at [nodejs.internal.kHybridDispatch] (node:internal/event_target:843:20)
    at MessagePort.<anonymous> (node:internal/per_context/messageport:23:28)[39m
    at loadMainConfig (file:///Users/ralves/.npm/_npx/6fe9a9991b157df1/node_modules/storybook/dist/_node-chunks/chunk-WF46L34H.js:11709:11)
    at async buildDevStandalone (file:///Users/ralves/.npm/_npx/6fe9a9991b157df1/node_modules/storybook/dist/core-server/index.js:7518:16)
    at async withTelemetry (file:///Users/ralves/.npm/_npx/6fe9a9991b157df1/node_modules/storybook/dist/_node-chunks/chunk-KIOKJLL5.js:218:12)
    at async dev (file:///Users/ralves/.npm/_npx/6fe9a9991b157df1/node_modules/storybook/dist/bin/core.js:2734:3)
    at async _Command.<anonymous> (file:///Users/ralves/.npm/_npx/6fe9a9991b157df1/node_modules/storybook/dist/bin/core.js:2803:92)
[14:14:19.500] [WARN] Broken build, fix the error above.
You may need to refresh the browser.
[14:14:19.504] [WARN]   Failed to load preset: "/Users/ralves/teste-setup/design-system/.storybook/main.ts"
[14:14:19.505] [ERROR] Error [ERR_MODULE_NOT_FOUND]: Cannot find package '@tailwindcss/vite' imported from ./.storybook/main.ts
    at Object.getPackageJSONURL (node:internal/modules/package_json_reader:301:9)
    at packageResolve (node:internal/modules/esm/resolve:768:81)
    at moduleResolve (node:internal/modules/esm/resolve:859:18)
    at defaultResolve (node:internal/modules/esm/resolve:991:11)
    at nextResolve (node:internal/modules/esm/hooks:769:28)
    at AsyncLoaderHooksOnLoaderHookWorker.resolve (node:internal/modules/esm/hooks:265:30)
    at MessagePort.handleMessage (node:internal/modules/esm/worker:251:24)
    at [nodejs.internal.kHybridDispatch] (node:internal/event_target:843:20)
    at MessagePort.<anonymous> (node:internal/per_context/messageport:23:28)
[14:14:19.507] [INFO] Storybook collects completely anonymous usage telemetry. We use it to shape Storybook's roadmap and prioritize features. You can learn more, including how to opt out, at https://storybook.js.org/telemetry